 KPT  1  SPIN  1  KWEIGHT  1.00000000000000
     1   -17.955  2.00000
     2   -17.120  2.00000
     3   -15.761  2.00000
     4   -14.125  2.00000
     5   -12.761  2.00000
     6   -12.455  2.00000
     7   -10.334  2.00000
     8    -9.738  2.00000
     9    -9.678  2.00000
    10    -9.406  2.00000
    11    -8.865  2.00000
    12    -8.745  2.00000
    13    -8.601  2.00000
    14    -8.028  2.00000
    15    -7.857  2.00000
    16    -7.532  2.00000
    17    -7.481  2.00000
    18    -7.375  2.00000
    19    -7.293  2.00000
    20     7.032  0.00000
    21     7.202  0.00000
    22     8.041  0.00000
    23     8.982  0.00000
    24     9.333  0.00000
    25     9.483  0.00000
    26    10.590  0.00000
    27    11.036  0.00000
    28    11.337  0.00000
    29    12.488  0.00000
    30    12.738  0.00000
    31    13.057  0.00000
    32    13.857  0.00000
    33    14.702  0.00000
    34    15.180  0.00000
    35    16.136  0.00000
    36    17.917  0.00000
    37    18.199  0.00000
    38    18.536  0.00000
 
