 KPT  1  SPIN  1  KWEIGHT  1.00000000000000
     1   -14.753  1.00018
     2   -14.588  1.00018
     3   -14.553  1.00018
     4   -14.536  1.00018
     5   -14.524  1.00018
     6   -14.331  1.00018
     7    -7.806  1.00006
     8    -7.721  1.00005
     9    -7.714  1.00005
    10    -7.710  1.00005
    11    -7.710  1.00005
    12    -7.624  1.00005
    13    -7.124  1.00004
    14    -7.083  1.00004
    15    -6.516  1.00003
    16    -6.500  1.00003
    17    -6.485  1.00003
    18    -6.468  1.00003
    19    -5.877  1.00002
    20    -5.853  1.00002
    21    -5.803  1.00002
    22    -5.361  1.00001
    23    -5.354  1.00001
    24    -5.292  1.00001
    25    -5.289  1.00001
    26    -5.289  1.00001
    27    -5.289  1.00001
    28    -5.289  1.00001
    29    -5.286  1.00001
    30    -5.222  1.00001
    31    -5.212  1.00001
    32    -4.597  1.00000
    33    10.707  0.99972
    34    11.014  0.99971
    35    11.250  0.99971
    36    11.367  0.99970
    37    11.672  0.99970
    38    12.184  0.99969
 
