 Fermi distribution function
 
Calculation with static geometry
 

********************************************************************************
 iSCC Total electronic   Diff electronic      SCC error    
   16   -0.15179025E+02   -0.52242655E-10    0.34900984E-06
********************************************************************************
 
 Total charge:     0.00000000

 Atomic gross charges (e)
 Atom           Charge
    1      -0.10538556
    2       0.05413806
    3       0.07439747
    4      -0.07053795
    5       0.07412665
    6       0.07022303
    7      -0.30779768
    8       0.10598522
    9       0.11584151
   10      -0.28782122
   11       0.10531149
   12       0.09449409
   13       0.09643490
   14      -0.37458049
   15       0.13304814
   16       0.13726256
   17      -0.28400118
   18       0.12385763
   19       0.11365161
   20       0.13135172
 
Nr. of electrons (up):     38.00000000
Atom populations (up)
 Atom       Population
    1       4.10538556
    2       0.94586194
    3       0.92560253
    4       4.07053795
    5       0.92587335
    6       0.92977697
    7       4.30779768
    8       0.89401478
    9       0.88415849
   10       4.28782122
   11       0.89468851
   12       0.90550591
   13       0.90356510
   14       4.37458049
   15       0.86695186
   16       0.86273744
   17       4.28400118
   18       0.87614237
   19       0.88634839
   20       0.86864828
 
l-shell populations (up)
 Atom Sh.   l       Population
    1   1   0       1.27142844
    1   2   1       2.83395712
    2   1   0       0.94586194
    3   1   0       0.92560253
    4   1   0       1.23386044
    4   2   1       2.83667751
    5   1   0       0.92587335
    6   1   0       0.92977697
    7   1   0       1.34955382
    7   2   1       2.95824386
    8   1   0       0.89401478
    9   1   0       0.88415849
   10   1   0       1.28994706
   10   2   1       2.99787416
   11   1   0       0.89468851
   12   1   0       0.90550591
   13   1   0       0.90356510
   14   1   0       1.37154069
   14   2   1       3.00303980
   15   1   0       0.86695186
   16   1   0       0.86273744
   17   1   0       1.28874620
   17   2   1       2.99525497
   18   1   0       0.87614237
   19   1   0       0.88634839
   20   1   0       0.86864828
 
Orbital populations (up)
 Atom Sh.   l   m       Population  Label
    1   1   0   0       1.27142844  s
    1   2   1  -1       0.92962202  p_y
    1   2   1   0       0.95041459  p_z
    1   2   1   1       0.95392050  p_x
    2   1   0   0       0.94586194  s
    3   1   0   0       0.92560253  s
    4   1   0   0       1.23386044  s
    4   2   1  -1       0.92650930  p_y
    4   2   1   0       0.94513457  p_z
    4   2   1   1       0.96503364  p_x
    5   1   0   0       0.92587335  s
    6   1   0   0       0.92977697  s
    7   1   0   0       1.34955382  s
    7   2   1  -1       0.97466539  p_y
    7   2   1   0       1.02292195  p_z
    7   2   1   1       0.96065651  p_x
    8   1   0   0       0.89401478  s
    9   1   0   0       0.88415849  s
   10   1   0   0       1.28994706  s
   10   2   1  -1       0.98876721  p_y
   10   2   1   0       1.00249616  p_z
   10   2   1   1       1.00661079  p_x
   11   1   0   0       0.89468851  s
   12   1   0   0       0.90550591  s
   13   1   0   0       0.90356510  s
   14   1   0   0       1.37154069  s
   14   2   1  -1       1.01072579  p_y
   14   2   1   0       1.02672503  p_z
   14   2   1   1       0.96558898  p_x
   15   1   0   0       0.86695186  s
   16   1   0   0       0.86273744  s
   17   1   0   0       1.28874620  s
   17   2   1  -1       0.98872739  p_y
   17   2   1   0       0.99317943  p_z
   17   2   1   1       1.01334816  p_x
   18   1   0   0       0.87614237  s
   19   1   0   0       0.88634839  s
   20   1   0   0       0.86864828  s
 
Fermi level:                        -0.1600834006 H           -4.3561 eV
Band energy:                       -14.7632702690 H         -401.7290 eV
TS:                                  0.0087778902 H            0.2389 eV
Band free energy (E-TS):           -14.7720481592 H         -401.9679 eV
Extrapolated E(0K):                -14.7676592141 H         -401.8485 eV
Input / Output electrons (q):     38.0000000000     38.0000000000
 
Energy H0:                         -15.1810878824 H         -413.0984 eV
Energy SCC:                          0.0044824036 H            0.1220 eV
Energy 3rd:                         -0.0024190382 H           -0.0658 eV
Total Electronic energy:           -15.1790245170 H         -413.0423 eV
Repulsive energy:                   -0.1836788579 H           -4.9982 eV
Dispersion energy:                  -0.0071599837 H           -0.1948 eV
Total energy:                      -15.3698633586 H         -418.2353 eV
Extrapolated to 0:                 -15.3742523036 H         -418.3547 eV
Total Mermin free energy:          -15.3786412487 H         -418.4741 eV
Force related energy:              -15.3786412487 H         -418.4741 eV
 
SCC converged
 
Total Forces
    1      0.030641414136     -0.018548474303      0.030552153891
    2     -0.044214366877      0.001550837051     -0.037520336501
    3     -0.001359734287      0.004481224144      0.002068612201
    4      0.000763657082      0.010267951237     -0.012305343564
    5      0.000686367258     -0.003306477040      0.000862936632
    6      0.006204270791     -0.001957619748      0.007611204793
    7      0.041260823659     -0.001306981366      0.010819924709
    8     -0.048137015610     -0.006953016076     -0.015440731331
    9     -0.002353825341      0.004816370058      0.002646129935
   10      0.044903358509      0.021995324420      0.031296726706
   11     -0.020812675767      0.004396361793     -0.015437489938
   12      0.000023675118     -0.006654106246     -0.006531008029
   13     -0.007609722559     -0.008789383099      0.001336880331
   14      0.011551827739     -0.041317366905     -0.034367842808
   15     -0.023570250751      0.000707459089     -0.001970037838
   16     -0.009574230935      0.018945231000      0.017483429678
   17      0.069309276029      0.049253900282      0.041151079311
   18     -0.035632734200      0.009686843947     -0.016353980453
   19      0.002861512610     -0.011624987674     -0.015346877096
   20     -0.014941626602     -0.025643090566      0.009444569372
 
Total stress tensor
     -0.000000029462     -0.000000018853     -0.000000026998
     -0.000000018850      0.000000005869     -0.000000008679
     -0.000000027000     -0.000000008680     -0.000000002771
 
Total lattice derivs
      0.001030857053      0.000659637936      0.000944639651
      0.000662237361     -0.000206205498      0.000304901168
      0.000929405472      0.000298789272      0.000095399980
 
Maximal derivative component:        0.693093E-01 au
 
Volume:                              0.650493E+07 au^3
Pressure:                           -0.878804E-08 au    -0.258553E+06 Pa
 
