 Fermi distribution function
 
Calculation with static geometry
 

********************************************************************************
 iSCC Total electronic   Diff electronic      SCC error    
    8   -0.15376275E+02   -0.37204018E-10    0.77322104E-06
********************************************************************************
 
 Total charge:    -0.00000000

 Atomic gross charges (e)
 Atom           Charge
    1      -0.09439098
    2       0.05286070
    3       0.05530804
    4      -0.11232634
    5       0.05787599
    6       0.05494981
    7      -0.10582569
    8       0.05198692
    9       0.05448127
   10      -0.20982438
   11       0.06566354
   12       0.06733162
   13       0.06274068
   14      -0.08877495
   15       0.05204441
   16       0.05069259
   17      -0.21133633
   18       0.06621313
   19       0.06699133
   20       0.06333861
 
Nr. of electrons (up):     38.00000000
Atom populations (up)
 Atom       Population
    1       4.09439098
    2       0.94713930
    3       0.94469196
    4       4.11232634
    5       0.94212401
    6       0.94505019
    7       4.10582569
    8       0.94801308
    9       0.94551873
   10       4.20982438
   11       0.93433646
   12       0.93266838
   13       0.93725932
   14       4.08877495
   15       0.94795559
   16       0.94930741
   17       4.21133633
   18       0.93378687
   19       0.93300867
   20       0.93666139
 
l-shell populations (up)
 Atom Sh.   l       Population
    1   1   0       1.23627613
    1   2   1       2.85811485
    2   1   0       0.94713930
    3   1   0       0.94469196
    4   1   0       1.24105367
    4   2   1       2.87127267
    5   1   0       0.94212401
    6   1   0       0.94505019
    7   1   0       1.24062933
    7   2   1       2.86519635
    8   1   0       0.94801308
    9   1   0       0.94551873
   10   1   0       1.27054762
   10   2   1       2.93927676
   11   1   0       0.93433646
   12   1   0       0.93266838
   13   1   0       0.93725932
   14   1   0       1.23573926
   14   2   1       2.85303569
   15   1   0       0.94795559
   16   1   0       0.94930741
   17   1   0       1.26991364
   17   2   1       2.94142269
   18   1   0       0.93378687
   19   1   0       0.93300867
   20   1   0       0.93666139
 
Orbital populations (up)
 Atom Sh.   l   m       Population  Label
    1   1   0   0       1.23627613  s
    1   2   1  -1       0.96184390  p_y
    1   2   1   0       0.92517320  p_z
    1   2   1   1       0.97109775  p_x
    2   1   0   0       0.94713930  s
    3   1   0   0       0.94469196  s
    4   1   0   0       1.24105367  s
    4   2   1  -1       0.96835010  p_y
    4   2   1   0       0.92979195  p_z
    4   2   1   1       0.97313061  p_x
    5   1   0   0       0.94212401  s
    6   1   0   0       0.94505019  s
    7   1   0   0       1.24062933  s
    7   2   1  -1       0.96692659  p_y
    7   2   1   0       0.92811177  p_z
    7   2   1   1       0.97015800  p_x
    8   1   0   0       0.94801308  s
    9   1   0   0       0.94551873  s
   10   1   0   0       1.27054762  s
   10   2   1  -1       0.98045001  p_y
   10   2   1   0       0.96933208  p_z
   10   2   1   1       0.98949466  p_x
   11   1   0   0       0.93433646  s
   12   1   0   0       0.93266838  s
   13   1   0   0       0.93725932  s
   14   1   0   0       1.23573926  s
   14   2   1  -1       0.96146370  p_y
   14   2   1   0       0.92721212  p_z
   14   2   1   1       0.96435987  p_x
   15   1   0   0       0.94795559  s
   16   1   0   0       0.94930741  s
   17   1   0   0       1.26991364  s
   17   2   1  -1       0.98412183  p_y
   17   2   1   0       0.96944094  p_z
   17   2   1   1       0.98785991  p_x
   18   1   0   0       0.93378687  s
   19   1   0   0       0.93300867  s
   20   1   0   0       0.93666139  s
 
Fermi level:                        -0.0048007020 H           -0.1306 eV
Band energy:                       -14.7813485432 H         -402.2210 eV
TS:                                  0.0000000000 H            0.0000 eV
Band free energy (E-TS):           -14.7813485432 H         -402.2210 eV
Extrapolated E(0K):                -14.7813485432 H         -402.2210 eV
Input / Output electrons (q):     38.0000000000     38.0000000000
 
Energy H0:                         -15.3803746558 H         -418.5213 eV
Energy SCC:                          0.0040994932 H            0.1116 eV
Total Electronic energy:           -15.3762751625 H         -418.4097 eV
Repulsive energy:                   -0.2015975818 H           -5.4857 eV
Total energy:                      -15.5778727443 H         -423.8955 eV
Extrapolated to 0:                 -15.5778727443 H         -423.8955 eV
Total Mermin free energy:          -15.5778727443 H         -423.8955 eV
Force related energy:              -15.5778727443 H         -423.8955 eV
 
SCC converged
 
Total Forces
    1     -0.000177201423     -0.007589636091     -0.001132928798
    2      0.002778937320      0.001704798489     -0.000540557791
    3     -0.001321248127      0.003936650236     -0.000169598584
    4     -0.000321407205      0.010751577045     -0.000750584294
    5      0.003590672929     -0.009229237525     -0.001042418627
    6     -0.004722207388      0.000168243822      0.001980383611
    7      0.003582825954     -0.001717003920      0.005374812577
    8     -0.001118135054      0.000226103837     -0.001699922541
    9     -0.000720171563      0.003651276335      0.001297476405
   10      0.000226711905      0.004144635356     -0.001149610663
   11     -0.003833402684     -0.003495074084     -0.001064453479
   12     -0.001425420908      0.000750082426      0.000351038695
   13      0.003155655299     -0.000294405662      0.002179693164
   14     -0.003499384587     -0.000842811167     -0.004034377001
   15     -0.000905876153      0.000242047787     -0.000648579716
   16      0.003374450844     -0.000746542053      0.001791213152
   17     -0.003129840993     -0.003303562774      0.000882971179
   18     -0.000692679989      0.002430867070      0.001667658060
   19      0.004983777371      0.000685520298     -0.001257862602
   20      0.000173944453     -0.001473529424     -0.002034352749
 
Maximal derivative component:        0.107516E-01 au
 
Dipole moment:    0.00303878    0.00067704    0.00229785 au
Dipole moment:    0.00772382    0.00172087    0.00584055 Debye
 
 
