 KPT  1  SPIN  1  KWEIGHT  1.00000000000000
     1   -18.264  2.00000
     2   -17.057  2.00000
     3   -15.220  2.00000
     4   -14.891  2.00000
     5   -13.384  2.00000
     6   -12.799  2.00000
     7   -10.614  2.00000
     8    -9.874  2.00000
     9    -9.815  2.00000
    10    -9.609  2.00000
    11    -8.814  2.00000
    12    -8.805  2.00000
    13    -8.785  2.00000
    14    -8.671  2.00000
    15    -8.363  2.00000
    16    -7.970  2.00000
    17    -7.884  2.00000
    18    -7.647  2.00000
    19    -4.829  1.06113
    20    -4.807  0.93887
    21     6.902  0.00000
    22     7.373  0.00000
    23     8.188  0.00000
    24     9.320  0.00000
    25     9.992  0.00000
    26    10.236  0.00000
    27    11.680  0.00000
    28    11.887  0.00000
    29    12.124  0.00000
    30    12.221  0.00000
    31    12.243  0.00000
    32    12.618  0.00000
    33    13.090  0.00000
    34    13.880  0.00000
    35    14.359  0.00000
    36    15.498  0.00000
    37    17.109  0.00000
    38    18.028  0.00000
 
