 Fermi distribution function
 
Calculation with static geometry
 

********************************************************************************
 iSCC Total electronic   Diff electronic      SCC error    
   48   -0.15180959E+02   -0.94561106E-08    0.41595414E-06
********************************************************************************
 
 Total charge:     0.00000000

 Atomic gross charges (e)
 Atom           Charge
    1      -0.12368373
    2       0.07190147
    3       0.07222983
    4      -0.11272966
    5       0.07428773
    6       0.07409388
    7      -0.09338492
    8       0.07964903
    9       0.07859522
   10      -0.26088822
   11       0.08424976
   12       0.08205624
   13       0.08534406
   14      -0.28513836
   15       0.11691351
   16       0.11763338
   17      -0.47134446
   18       0.13632508
   19       0.13773075
   20       0.13615942
 
Nr. of electrons (up):     38.00000000
Atom populations (up)
 Atom       Population
    1       4.12368373
    2       0.92809853
    3       0.92777017
    4       4.11272966
    5       0.92571227
    6       0.92590612
    7       4.09338492
    8       0.92035097
    9       0.92140478
   10       4.26088822
   11       0.91575024
   12       0.91794376
   13       0.91465594
   14       4.28513836
   15       0.88308649
   16       0.88236662
   17       4.47134446
   18       0.86367492
   19       0.86226925
   20       0.86384058
 
l-shell populations (up)
 Atom Sh.   l       Population
    1   1   0       1.24434259
    1   2   1       2.87934114
    2   1   0       0.92809853
    3   1   0       0.92777017
    4   1   0       1.25181716
    4   2   1       2.86091250
    5   1   0       0.92571227
    6   1   0       0.92590612
    7   1   0       1.24003904
    7   2   1       2.85334588
    8   1   0       0.92035097
    9   1   0       0.92140478
   10   1   0       1.28240032
   10   2   1       2.97848790
   11   1   0       0.91575024
   12   1   0       0.91794376
   13   1   0       0.91465594
   14   1   0       1.35814183
   14   2   1       2.92699653
   15   1   0       0.88308649
   16   1   0       0.88236662
   17   1   0       1.40238173
   17   2   1       3.06896274
   18   1   0       0.86367492
   19   1   0       0.86226925
   20   1   0       0.86384058
 
Orbital populations (up)
 Atom Sh.   l   m       Population  Label
    1   1   0   0       1.24434259  s
    1   2   1  -1       0.93783313  p_y
    1   2   1   0       0.96356697  p_z
    1   2   1   1       0.97794104  p_x
    2   1   0   0       0.92809853  s
    3   1   0   0       0.92777017  s
    4   1   0   0       1.25181716  s
    4   2   1  -1       0.90852543  p_y
    4   2   1   0       0.97198765  p_z
    4   2   1   1       0.98039941  p_x
    5   1   0   0       0.92571227  s
    6   1   0   0       0.92590612  s
    7   1   0   0       1.24003904  s
    7   2   1  -1       0.91530187  p_y
    7   2   1   0       0.96350913  p_z
    7   2   1   1       0.97453487  p_x
    8   1   0   0       0.92035097  s
    9   1   0   0       0.92140478  s
   10   1   0   0       1.28240032  s
   10   2   1  -1       0.96698586  p_y
   10   2   1   0       1.00510974  p_z
   10   2   1   1       1.00639231  p_x
   11   1   0   0       0.91575024  s
   12   1   0   0       0.91794376  s
   13   1   0   0       0.91465594  s
   14   1   0   0       1.35814183  s
   14   2   1  -1       0.98550674  p_y
   14   2   1   0       0.96530614  p_z
   14   2   1   1       0.97618365  p_x
   15   1   0   0       0.88308649  s
   16   1   0   0       0.88236662  s
   17   1   0   0       1.40238173  s
   17   2   1  -1       1.03548568  p_y
   17   2   1   0       1.02279298  p_z
   17   2   1   1       1.01068407  p_x
   18   1   0   0       0.86367492  s
   19   1   0   0       0.86226925  s
   20   1   0   0       0.86384058  s
 
Fermi level:                        -0.1770595490 H           -4.8180 eV
Band energy:                       -14.9410263478 H         -406.5660 eV
TS:                                  0.0087565944 H            0.2383 eV
Band free energy (E-TS):           -14.9497829422 H         -406.8043 eV
Extrapolated E(0K):                -14.9454046450 H         -406.6852 eV
Input / Output electrons (q):     38.0000000000     38.0000000000
 
Energy H0:                         -15.1825414715 H         -413.1380 eV
Energy SCC:                          0.0033842249 H            0.0921 eV
Energy 3rd:                         -0.0018014221 H           -0.0490 eV
Total Electronic energy:           -15.1809586687 H         -413.0949 eV
Repulsive energy:                   -0.2026367616 H           -5.5140 eV
Dispersion energy:                  -0.0079488913 H           -0.2163 eV
Total energy:                      -15.3915443215 H         -418.8252 eV
Extrapolated to 0:                 -15.3959226187 H         -418.9444 eV
Total Mermin free energy:          -15.4003009159 H         -419.0635 eV
Force related energy:              -15.4003009159 H         -419.0635 eV
 
SCC converged
 
Total Forces
    1     -0.001566296982     -0.002578216433     -0.000414477713
    2     -0.000820598615     -0.000358372216      0.000211643442
    3     -0.000208918316     -0.001106595347      0.000088597361
    4      0.001604271329      0.009050974577      0.001464492228
    5     -0.001167869780     -0.002651901829      0.000221275865
    6     -0.000565899428     -0.001824378500      0.000576333736
    7     -0.013196524976     -0.022774846131      0.013451873404
    8      0.003298473345     -0.000114121122     -0.001541436545
    9     -0.000462313825      0.001842711555     -0.002948752597
   10      0.004453370036      0.006932882445      0.004040040232
   11     -0.000267238952     -0.000970266179     -0.000821941139
   12     -0.001187708692     -0.000283400103     -0.001118526085
   13     -0.000430929348     -0.000723015067     -0.001316000484
   14      0.010427451678      0.017139950374     -0.008194498217
   15     -0.001848416106     -0.000080631641     -0.002998679397
   16      0.001942369051     -0.001494230569     -0.000719821101
   17     -0.001358114071     -0.000045730906     -0.001339586868
   18      0.001763468283      0.000791734281     -0.001275754242
   19     -0.001984536621      0.000335485233      0.001045581592
   20      0.001575961988     -0.001088032423      0.001589636528
 
Total stress tensor
     -0.000000003517     -0.000000001674      0.000000002824
     -0.000000001670     -0.000000000100      0.000000005160
      0.000000002827      0.000000005157     -0.000000004003
 
Total lattice derivs
      0.000123054317      0.000058556837     -0.000098807545
      0.000058657204      0.000003501558     -0.000181287739
     -0.000097324547     -0.000177521557      0.000137786770
 
Maximal derivative component:        0.227748E-01 au
 
Volume:                              0.650493E+07 au^3
Pressure:                           -0.253979E-08 au    -0.747233E+05 Pa
 
