 KPT  1  SPIN  1  KWEIGHT  1.00000000000000
     1   -17.829  2.00000
     2   -16.681  2.00000
     3   -16.220  2.00000
     4   -13.945  2.00000
     5   -13.416  2.00000
     6   -12.522  2.00000
     7   -10.224  2.00000
     8    -9.760  2.00000
     9    -9.684  2.00000
    10    -9.388  2.00000
    11    -9.308  2.00000
    12    -9.251  2.00000
    13    -8.379  2.00000
    14    -8.272  2.00000
    15    -8.148  2.00000
    16    -8.135  2.00000
    17    -7.966  2.00000
    18    -7.381  2.00000
    19    -4.359  1.01941
    20    -4.353  0.98059
    21     5.458  0.00000
    22     6.763  0.00000
    23     7.368  0.00000
    24     7.657  0.00000
    25     9.107  0.00000
    26     9.959  0.00000
    27    10.103  0.00000
    28    11.728  0.00000
    29    12.650  0.00000
    30    12.694  0.00000
    31    12.814  0.00000
    32    13.428  0.00000
    33    13.798  0.00000
    34    14.409  0.00000
    35    16.041  0.00000
    36    17.012  0.00000
    37    18.356  0.00000
    38    19.549  0.00000
 
