MD step: 0
Pressure:                            0.106887E-07 au     0.314471E+06 Pa
Potential Energy:                  -10.6438844002 H         -289.6348 eV
MD Kinetic Energy:                   0.0006175290 H            0.0168 eV
Total MD Energy:                   -10.6432668713 H         -289.6180 eV
MD Temperature:                      0.0000316682 au          10.0000 K
MD step: 1
Pressure:                            0.104959E-07 au     0.308799E+06 Pa
Potential Energy:                  -10.6439183776 H         -289.6358 eV
MD Kinetic Energy:                   0.0006509403 H            0.0177 eV
Total MD Energy:                   -10.6432674374 H         -289.6180 eV
MD Temperature:                      0.0000333816 au          10.5410 K
MD step: 2
Pressure:                            0.978765E-08 au     0.287963E+06 Pa
Potential Energy:                  -10.6441538487 H         -289.6422 eV
MD Kinetic Energy:                   0.0008836801 H            0.0240 eV
Total MD Energy:                   -10.6432701686 H         -289.6181 eV
MD Temperature:                      0.0000453169 au          14.3099 K
MD step: 3
Pressure:                            0.859321E-08 au     0.252821E+06 Pa
Potential Energy:                  -10.6445469150 H         -289.6529 eV
MD Kinetic Energy:                   0.0012723672 H            0.0346 eV
Total MD Energy:                   -10.6432745479 H         -289.6182 eV
MD Temperature:                      0.0000652496 au          20.6042 K
MD step: 4
Pressure:                            0.696525E-08 au     0.204925E+06 Pa
Potential Energy:                  -10.6450270349 H         -289.6659 eV
MD Kinetic Energy:                   0.0017473227 H            0.0475 eV
Total MD Energy:                   -10.6432797122 H         -289.6184 eV
MD Temperature:                      0.0000896063 au          28.2954 K
MD step: 5
Pressure:                            0.498079E-08 au     0.146540E+06 Pa
Potential Energy:                  -10.6455103859 H         -289.6791 eV
MD Kinetic Energy:                   0.0022256880 H            0.0606 eV
Total MD Energy:                   -10.6432846979 H         -289.6185 eV
MD Temperature:                      0.0001141378 au          36.0418 K
MD step: 6
Pressure:                            0.273109E-08 au     0.803514E+05 Pa
Potential Energy:                  -10.6459153197 H         -289.6901 eV
MD Kinetic Energy:                   0.0026267416 H            0.0715 eV
Total MD Energy:                   -10.6432885781 H         -289.6186 eV
MD Temperature:                      0.0001347047 au          42.5363 K
MD step: 7
Pressure:                            0.327621E-09 au     0.963894E+04 Pa
Potential Energy:                  -10.6461772515 H         -289.6972 eV
MD Kinetic Energy:                   0.0028866525 H            0.0785 eV
Total MD Energy:                   -10.6432905990 H         -289.6187 eV
MD Temperature:                      0.0001480335 au          46.7452 K
MD step: 8
Pressure:                           -0.211370E-08 au    -0.621872E+05 Pa
Potential Energy:                  -10.6462603395 H         -289.6995 eV
MD Kinetic Energy:                   0.0029698553 H            0.0808 eV
Total MD Energy:                   -10.6432904842 H         -289.6187 eV
MD Temperature:                      0.0001523003 au          48.0926 K
MD step: 9
Pressure:                           -0.447550E-08 au    -0.131674E+06 Pa
Potential Energy:                  -10.6461628202 H         -289.6968 eV
MD Kinetic Energy:                   0.0028745717 H            0.0782 eV
Total MD Energy:                   -10.6432882485 H         -289.6186 eV
MD Temperature:                      0.0001474139 au          46.5496 K
MD step: 10
Pressure:                           -0.663705E-08 au    -0.195269E+06 Pa
Potential Energy:                  -10.6459165797 H         -289.6901 eV
MD Kinetic Energy:                   0.0026322852 H            0.0716 eV
Total MD Energy:                   -10.6432842944 H         -289.6185 eV
MD Temperature:                      0.0001349890 au          42.6261 K
MD step: 11
Pressure:                           -0.848643E-08 au    -0.249679E+06 Pa
Potential Energy:                  -10.6455806918 H         -289.6810 eV
MD Kinetic Energy:                   0.0023012638 H            0.0626 eV
Total MD Energy:                   -10.6432794279 H         -289.6184 eV
MD Temperature:                      0.0001180135 au          37.2657 K
MD step: 12
Pressure:                           -0.993037E-08 au    -0.292162E+06 Pa
Potential Energy:                  -10.6452295110 H         -289.6714 eV
MD Kinetic Energy:                   0.0019550133 H            0.0532 eV
Total MD Energy:                   -10.6432744977 H         -289.6182 eV
MD Temperature:                      0.0001002571 au          31.6586 K
MD step: 13
Pressure:                           -0.108842E-07 au    -0.320223E+06 Pa
Potential Energy:                  -10.6449389006 H         -289.6635 eV
MD Kinetic Energy:                   0.0016685474 H            0.0454 eV
Total MD Energy:                   -10.6432703532 H         -289.6181 eV
MD Temperature:                      0.0000855665 au          27.0197 K
MD step: 14
Pressure:                           -0.112869E-07 au    -0.332072E+06 Pa
Potential Energy:                  -10.6447724499 H         -289.6590 eV
MD Kinetic Energy:                   0.0015046850 H            0.0409 eV
Total MD Energy:                   -10.6432677649 H         -289.6181 eV
MD Temperature:                      0.0000771633 au          24.3662 K
MD step: 15
Pressure:                           -0.111082E-07 au    -0.326814E+06 Pa
Potential Energy:                  -10.6447694985 H         -289.6589 eV
MD Kinetic Energy:                   0.0015022934 H            0.0409 eV
Total MD Energy:                   -10.6432672051 H         -289.6180 eV
MD Temperature:                      0.0000770407 au          24.3275 K
MD step: 16
Pressure:                           -0.103485E-07 au    -0.304463E+06 Pa
Potential Energy:                  -10.6449377315 H         -289.6635 eV
MD Kinetic Energy:                   0.0016689523 H            0.0454 eV
Total MD Energy:                   -10.6432687792 H         -289.6181 eV
MD Temperature:                      0.0000855873 au          27.0263 K
MD step: 17
Pressure:                           -0.903726E-08 au    -0.265885E+06 Pa
Potential Energy:                  -10.6452515757 H         -289.6720 eV
MD Kinetic Energy:                   0.0019793631 H            0.0539 eV
Total MD Energy:                   -10.6432722125 H         -289.6182 eV
MD Temperature:                      0.0001015058 au          32.0530 K
MD step: 18
Pressure:                           -0.723028E-08 au    -0.212722E+06 Pa
Potential Energy:                  -10.6456565313 H         -289.6831 eV
MD Kinetic Energy:                   0.0023796141 H            0.0648 eV
Total MD Energy:                   -10.6432769172 H         -289.6183 eV
MD Temperature:                      0.0001220315 au          38.5345 K
MD step: 19
Pressure:                           -0.500645E-08 au    -0.147295E+06 Pa
Potential Energy:                  -10.6460785847 H         -289.6945 eV
MD Kinetic Energy:                   0.0027965224 H            0.0761 eV
Total MD Energy:                   -10.6432820623 H         -289.6184 eV
MD Temperature:                      0.0001434114 au          45.2857 K
MD step: 20
Pressure:                           -0.246728E-08 au    -0.725899E+05 Pa
Potential Energy:                  -10.6464373214 H         -289.7043 eV
MD Kinetic Energy:                   0.0031506307 H            0.0857 eV
Total MD Energy:                   -10.6432866906 H         -289.6186 eV
MD Temperature:                      0.0001615708 au          51.0200 K
MD step: 21
Pressure:                            0.266923E-09 au     0.785314E+04 Pa
Potential Energy:                  -10.6466607876 H         -289.7104 eV
MD Kinetic Energy:                   0.0033708421 H            0.0917 eV
Total MD Energy:                   -10.6432899455 H         -289.6187 eV
MD Temperature:                      0.0001728637 au          54.5860 K
MD step: 22
Pressure:                            0.307284E-08 au     0.904060E+05 Pa
Potential Energy:                  -10.6466990398 H         -289.7114 eV
MD Kinetic Energy:                   0.0034077934 H            0.0927 eV
Total MD Energy:                   -10.6432912464 H         -289.6187 eV
MD Temperature:                      0.0001747586 au          55.1843 K
MD step: 23
Pressure:                            0.583334E-08 au     0.171623E+06 Pa
Potential Energy:                  -10.6465336015 H         -289.7069 eV
MD Kinetic Energy:                   0.0032432704 H            0.0883 eV
Total MD Energy:                   -10.6432903311 H         -289.6187 eV
MD Temperature:                      0.0001663216 au          52.5201 K
MD step: 24
Pressure:                            0.842975E-08 au     0.248012E+06 Pa
Potential Energy:                  -10.6461817660 H         -289.6973 eV
MD Kinetic Energy:                   0.0028945636 H            0.0788 eV
Total MD Energy:                   -10.6432872024 H         -289.6186 eV
MD Temperature:                      0.0001484392 au          46.8733 K
MD step: 25
Pressure:                            0.107450E-07 au     0.316130E+06 Pa
Potential Energy:                  -10.6456953207 H         -289.6841 eV
MD Kinetic Energy:                   0.0024128777 H            0.0657 eV
Total MD Energy:                   -10.6432824430 H         -289.6185 eV
MD Temperature:                      0.0001237373 au          39.0731 K
MD step: 26
Pressure:                            0.126827E-07 au     0.373137E+06 Pa
Potential Energy:                  -10.6451518197 H         -289.6693 eV
MD Kinetic Energy:                   0.0018749601 H            0.0510 eV
Total MD Energy:                   -10.6432768596 H         -289.6183 eV
MD Temperature:                      0.0000961518 au          30.3623 K
MD step: 27
Pressure:                            0.141601E-07 au     0.416605E+06 Pa
Potential Energy:                  -10.6446411416 H         -289.6554 eV
MD Kinetic Energy:                   0.0013696356 H            0.0373 eV
Total MD Energy:                   -10.6432715060 H         -289.6182 eV
MD Temperature:                      0.0000702377 au          22.1793 K
MD step: 28
Pressure:                            0.151214E-07 au     0.444887E+06 Pa
Potential Energy:                  -10.6442490416 H         -289.6448 eV
MD Kinetic Energy:                   0.0009816465 H            0.0267 eV
Total MD Energy:                   -10.6432673950 H         -289.6180 eV
MD Temperature:                      0.0000503408 au          15.8964 K
MD step: 29
Pressure:                            0.155321E-07 au     0.456970E+06 Pa
Potential Energy:                  -10.6440411148 H         -289.6391 eV
MD Kinetic Energy:                   0.0007758138 H            0.0211 eV
Total MD Energy:                   -10.6432653011 H         -289.6180 eV
MD Temperature:                      0.0000397853 au          12.5632 K
MD step: 30
Pressure:                            0.153806E-07 au     0.452513E+06 Pa
Potential Energy:                  -10.6440505288 H         -289.6394 eV
MD Kinetic Energy:                   0.0007849041 H            0.0214 eV
Total MD Energy:                   -10.6432656246 H         -289.6180 eV
MD Temperature:                      0.0000402515 au          12.7104 K
MD step: 31
Pressure:                            0.146771E-07 au     0.431815E+06 Pa
Potential Energy:                  -10.6442717786 H         -289.6454 eV
MD Kinetic Energy:                   0.0010034843 H            0.0273 eV
Total MD Energy:                   -10.6432682943 H         -289.6181 eV
MD Temperature:                      0.0000514607 au          16.2500 K
MD step: 32
Pressure:                            0.134535E-07 au     0.395814E+06 Pa
Potential Energy:                  -10.6446618196 H         -289.6560 eV
MD Kinetic Energy:                   0.0013890414 H            0.0378 eV
Total MD Energy:                   -10.6432727782 H         -289.6182 eV
MD Temperature:                      0.0000712329 au          22.4935 K
MD step: 33
Pressure:                            0.117640E-07 au     0.346109E+06 Pa
Potential Energy:                  -10.6451484034 H         -289.6692 eV
MD Kinetic Energy:                   0.0018702054 H            0.0509 eV
Total MD Energy:                   -10.6432781980 H         -289.6183 eV
MD Temperature:                      0.0000959080 au          30.2853 K
MD step: 34
Pressure:                            0.968343E-08 au     0.284896E+06 Pa
Potential Energy:                  -10.6456439640 H         -289.6827 eV
MD Kinetic Energy:                   0.0023604535 H            0.0642 eV
Total MD Energy:                   -10.6432835106 H         -289.6185 eV
MD Temperature:                      0.0001210489 au          38.2242 K
MD step: 35
Pressure:                            0.730527E-08 au     0.214928E+06 Pa
Potential Energy:                  -10.6460622607 H         -289.6941 eV
MD Kinetic Energy:                   0.0027745686 H            0.0755 eV
Total MD Energy:                   -10.6432876921 H         -289.6186 eV
MD Temperature:                      0.0001422856 au          44.9302 K
MD step: 36
Pressure:                            0.474022E-08 au     0.139462E+06 Pa
Potential Energy:                  -10.6463346400 H         -289.7015 eV
MD Kinetic Energy:                   0.0030446974 H            0.0829 eV
Total MD Energy:                   -10.6432899426 H         -289.6187 eV
MD Temperature:                      0.0001561383 au          49.3045 K
MD step: 37
Pressure:                            0.210521E-08 au     0.619375E+05 Pa
Potential Energy:                  -10.6464225983 H         -289.7039 eV
MD Kinetic Energy:                   0.0031326791 H            0.0852 eV
Total MD Energy:                   -10.6432899191 H         -289.6187 eV
MD Temperature:                      0.0001606502 au          50.7293 K
MD step: 38
Pressure:                           -0.478612E-09 au    -0.140813E+05 Pa
Potential Energy:                  -10.6463239057 H         -289.7012 eV
MD Kinetic Energy:                   0.0030362566 H            0.0826 eV
Total MD Energy:                   -10.6432876492 H         -289.6186 eV
MD Temperature:                      0.0001557055 au          49.1678 K
MD step: 39
Pressure:                           -0.289182E-08 au    -0.850804E+05 Pa
Potential Energy:                  -10.6460720471 H         -289.6944 eV
MD Kinetic Energy:                   0.0027884390 H            0.0759 eV
Total MD Energy:                   -10.6432836081 H         -289.6185 eV
MD Temperature:                      0.0001429969 au          45.1548 K
MD step: 40
Pressure:                           -0.502128E-08 au    -0.147731E+06 Pa
Potential Energy:                  -10.6457290013 H         -289.6850 eV
MD Kinetic Energy:                   0.0024503921 H            0.0667 eV
Total MD Energy:                   -10.6432786092 H         -289.6183 eV
MD Temperature:                      0.0001256611 au          39.6806 K
MD step: 41
Pressure:                           -0.677275E-08 au    -0.199261E+06 Pa
Potential Energy:                  -10.6453727489 H         -289.6753 eV
MD Kinetic Energy:                   0.0020991568 H            0.0571 eV
Total MD Energy:                   -10.6432735921 H         -289.6182 eV
MD Temperature:                      0.0001076491 au          33.9928 K
MD step: 42
Pressure:                           -0.806225E-08 au    -0.237199E+06 Pa
Potential Energy:                  -10.6450824848 H         -289.6674 eV
MD Kinetic Energy:                   0.0018130462 H            0.0493 eV
Total MD Energy:                   -10.6432694386 H         -289.6181 eV
MD Temperature:                      0.0000929767 au          29.3597 K
MD step: 43
Pressure:                           -0.882755E-08 au    -0.259715E+06 Pa
Potential Energy:                  -10.6449241556 H         -289.6631 eV
MD Kinetic Energy:                   0.0016572233 H            0.0451 eV
Total MD Energy:                   -10.6432669324 H         -289.6180 eV
MD Temperature:                      0.0000849858 au          26.8364 K
MD step: 44
Pressure:                           -0.903633E-08 au    -0.265858E+06 Pa
Potential Energy:                  -10.6449381049 H         -289.6635 eV
MD Kinetic Energy:                   0.0016715519 H            0.0455 eV
Total MD Energy:                   -10.6432665530 H         -289.6180 eV
MD Temperature:                      0.0000857206 au          27.0684 K
MD step: 45
Pressure:                           -0.868668E-08 au    -0.255571E+06 Pa
Potential Energy:                  -10.6451315146 H         -289.6688 eV
MD Kinetic Energy:                   0.0018631220 H            0.0507 eV
Total MD Energy:                   -10.6432683927 H         -289.6181 eV
MD Temperature:                      0.0000955447 au          30.1706 K
MD step: 46
Pressure:                           -0.780591E-08 au    -0.229658E+06 Pa
Potential Energy:                  -10.6454769005 H         -289.6782 eV
MD Kinetic Energy:                   0.0022047474 H            0.0600 eV
Total MD Energy:                   -10.6432721531 H         -289.6182 eV
MD Temperature:                      0.0001130640 au          35.7027 K
MD step: 47
Pressure:                           -0.644936E-08 au    -0.189747E+06 Pa
Potential Energy:                  -10.6459167771 H         -289.6901 eV
MD Kinetic Energy:                   0.0026395798 H            0.0718 eV
Total MD Energy:                   -10.6432771973 H         -289.6183 eV
MD Temperature:                      0.0001353631 au          42.7442 K
MD step: 48
Pressure:                           -0.469654E-08 au    -0.138177E+06 Pa
Potential Energy:                  -10.6463736884 H         -289.7026 eV
MD Kinetic Energy:                   0.0030910183 H            0.0841 eV
Total MD Energy:                   -10.6432826700 H         -289.6185 eV
MD Temperature:                      0.0001585138 au          50.0546 K
MD step: 49
Pressure:                           -0.264317E-08 au    -0.777646E+05 Pa
Potential Energy:                  -10.6467638145 H         -289.7132 eV
MD Kinetic Energy:                   0.0034761736 H            0.0946 eV
Total MD Energy:                   -10.6432876409 H         -289.6186 eV
MD Temperature:                      0.0001782653 au          56.2917 K
MD step: 50
Pressure:                           -0.395808E-09 au    -0.116451E+05 Pa
Potential Energy:                  -10.6470118090 H         -289.7199 eV
MD Kinetic Energy:                   0.0037205612 H            0.1012 eV
Total MD Energy:                   -10.6432912479 H         -289.6187 eV
MD Temperature:                      0.0001907980 au          60.2492 K
MD step: 51
Pressure:                            0.192708E-08 au     0.566967E+05 Pa
Potential Energy:                  -10.6470645657 H         -289.7214 eV
MD Kinetic Energy:                   0.0037718064 H            0.1026 eV
Total MD Energy:                   -10.6432927593 H         -289.6187 eV
MD Temperature:                      0.0001934260 au          61.0790 K
MD step: 52
Pressure:                            0.420059E-08 au     0.123585E+06 Pa
Potential Energy:                  -10.6469020073 H         -289.7169 eV
MD Kinetic Energy:                   0.0036101170 H            0.0982 eV
Total MD Energy:                   -10.6432918903 H         -289.6187 eV
MD Temperature:                      0.0001851342 au          58.4607 K
MD step: 53
Pressure:                            0.631096E-08 au     0.185675E+06 Pa
Potential Energy:                  -10.6465417488 H         -289.7071 eV
MD Kinetic Energy:                   0.0032529667 H            0.0885 eV
Total MD Energy:                   -10.6432887821 H         -289.6186 eV
MD Temperature:                      0.0001668188 au          52.6771 K
MD step: 54
Pressure:                            0.814871E-08 au     0.239743E+06 Pa
Potential Energy:                  -10.6460369520 H         -289.6934 eV
MD Kinetic Energy:                   0.0027530665 H            0.0749 eV
Total MD Energy:                   -10.6432838855 H         -289.6185 eV
MD Temperature:                      0.0001411829 au          44.5820 K
MD step: 55
Pressure:                            0.961266E-08 au     0.282814E+06 Pa
Potential Energy:                  -10.6454681483 H         -289.6779 eV
MD Kinetic Energy:                   0.0021900291 H            0.0596 eV
Total MD Energy:                   -10.6432781192 H         -289.6183 eV
MD Temperature:                      0.0001123092 au          35.4644 K
MD step: 56
Pressure:                            0.106311E-07 au     0.312777E+06 Pa
Potential Energy:                  -10.6449287921 H         -289.6633 eV
MD Kinetic Energy:                   0.0016561738 H            0.0451 eV
Total MD Energy:                   -10.6432726183 H         -289.6182 eV
MD Temperature:                      0.0000849320 au          26.8194 K
MD step: 57
Pressure:                            0.111584E-07 au     0.328292E+06 Pa
Potential Energy:                  -10.6445077261 H         -289.6518 eV
MD Kinetic Energy:                   0.0012393086 H            0.0337 eV
Total MD Energy:                   -10.6432684175 H         -289.6181 eV
MD Temperature:                      0.0000635543 au          20.0688 K
MD step: 58
Pressure:                            0.111695E-07 au     0.328619E+06 Pa
Potential Energy:                  -10.6442728075 H         -289.6454 eV
MD Kinetic Energy:                   0.0010065086 H            0.0274 eV
Total MD Energy:                   -10.6432662989 H         -289.6180 eV
MD Temperature:                      0.0000516158 au          16.2990 K
MD step: 59
Pressure:                            0.106577E-07 au     0.313561E+06 Pa
Potential Energy:                  -10.6442584439 H         -289.6450 eV
MD Kinetic Energy:                   0.0009917811 H            0.0270 eV
Total MD Energy:                   -10.6432666628 H         -289.6180 eV
MD Temperature:                      0.0000508606 au          16.0605 K
MD step: 60
Pressure:                            0.963584E-08 au     0.283496E+06 Pa
Potential Energy:                  -10.6444592066 H         -289.6505 eV
MD Kinetic Energy:                   0.0011897618 H            0.0324 eV
Total MD Energy:                   -10.6432694448 H         -289.6181 eV
MD Temperature:                      0.0000610134 au          19.2665 K
MD step: 61
Pressure:                            0.813696E-08 au     0.239397E+06 Pa
Potential Energy:                  -10.6448308656 H         -289.6606 eV
MD Kinetic Energy:                   0.0015567576 H            0.0424 eV
Total MD Energy:                   -10.6432741080 H         -289.6182 eV
MD Temperature:                      0.0000798337 au          25.2095 K
MD step: 62
Pressure:                            0.621331E-08 au     0.182802E+06 Pa
Potential Energy:                  -10.6452988448 H         -289.6733 eV
MD Kinetic Energy:                   0.0020190786 H            0.0549 eV
Total MD Energy:                   -10.6432797662 H         -289.6184 eV
MD Temperature:                      0.0001035425 au          32.6961 K
MD step: 63
Pressure:                            0.393767E-08 au     0.115850E+06 Pa
Potential Energy:                  -10.6457724151 H         -289.6862 eV
MD Kinetic Energy:                   0.0024871315 H            0.0677 eV
Total MD Energy:                   -10.6432852836 H         -289.6185 eV
MD Temperature:                      0.0001275452 au          40.2755 K
MD step: 64
Pressure:                            0.140867E-08 au     0.414445E+05 Pa
Potential Energy:                  -10.6461623785 H         -289.6968 eV
MD Kinetic Energy:                   0.0028728285 H            0.0782 eV
Total MD Energy:                   -10.6432895500 H         -289.6186 eV
MD Temperature:                      0.0001473245 au          46.5214 K
MD step: 65
Pressure:                           -0.126042E-08 au    -0.370829E+05 Pa
Potential Energy:                  -10.6463984378 H         -289.7032 eV
MD Kinetic Energy:                   0.0031066789 H            0.0845 eV
Total MD Energy:                   -10.6432917589 H         -289.6187 eV
MD Temperature:                      0.0001593169 au          50.3082 K
MD step: 66
Pressure:                           -0.395239E-08 au    -0.116283E+06 Pa
Potential Energy:                  -10.6464421675 H         -289.7044 eV
MD Kinetic Energy:                   0.0031505952 H            0.0857 eV
Total MD Energy:                   -10.6432915723 H         -289.6187 eV
MD Temperature:                      0.0001615690 au          51.0194 K
MD step: 67
Pressure:                           -0.654835E-08 au    -0.192659E+06 Pa
Potential Energy:                  -10.6462932300 H         -289.7004 eV
MD Kinetic Energy:                   0.0030042034 H            0.0817 eV
Total MD Energy:                   -10.6432890266 H         -289.6186 eV
MD Temperature:                      0.0001540617 au          48.6488 K
MD step: 68
Pressure:                           -0.893274E-08 au    -0.262810E+06 Pa
Potential Energy:                  -10.6459885866 H         -289.6921 eV
MD Kinetic Energy:                   0.0027039224 H            0.0736 eV
Total MD Energy:                   -10.6432846642 H         -289.6185 eV
MD Temperature:                      0.0001386627 au          43.7862 K
MD step: 69
Pressure:                           -0.110018E-07 au    -0.323684E+06 Pa
Potential Energy:                  -10.6455944633 H         -289.6814 eV
MD Kinetic Energy:                   0.0023151429 H            0.0630 eV
Total MD Energy:                   -10.6432793204 H         -289.6184 eV
MD Temperature:                      0.0001187253 au          37.4904 K
MD step: 70
Pressure:                           -0.126567E-07 au    -0.372374E+06 Pa
Potential Energy:                  -10.6451934977 H         -289.6705 eV
MD Kinetic Energy:                   0.0019196172 H            0.0522 eV
Total MD Energy:                   -10.6432738805 H         -289.6182 eV
MD Temperature:                      0.0000984419 au          31.0855 K
MD step: 71
Pressure:                           -0.138107E-07 au    -0.406323E+06 Pa
Potential Energy:                  -10.6448697157 H         -289.6616 eV
MD Kinetic Energy:                   0.0016003447 H            0.0435 eV
Total MD Energy:                   -10.6432693710 H         -289.6181 eV
MD Temperature:                      0.0000820690 au          25.9153 K
MD step: 72
Pressure:                           -0.144065E-07 au    -0.423855E+06 Pa
Potential Energy:                  -10.6446925879 H         -289.6568 eV
MD Kinetic Energy:                   0.0014259533 H            0.0388 eV
Total MD Energy:                   -10.6432666347 H         -289.6180 eV
MD Temperature:                      0.0000731258 au          23.0913 K
MD step: 73
Pressure:                           -0.144187E-07 au    -0.424212E+06 Pa
Potential Energy:                  -10.6447038660 H         -289.6571 eV
MD Kinetic Energy:                   0.0014376940 H            0.0391 eV
Total MD Energy:                   -10.6432661720 H         -289.6180 eV
MD Temperature:                      0.0000737279 au          23.2814 K
MD step: 74
Pressure:                           -0.138509E-07 au    -0.407507E+06 Pa
Potential Energy:                  -10.6449097719 H         -289.6627 eV
MD Kinetic Energy:                   0.0016417019 H            0.0447 eV
Total MD Energy:                   -10.6432680700 H         -289.6181 eV
MD Temperature:                      0.0000841898 au          26.5850 K
MD step: 75
Pressure:                           -0.127344E-07 au    -0.374660E+06 Pa
Potential Energy:                  -10.6452796008 H         -289.6728 eV
MD Kinetic Energy:                   0.0020075896 H            0.0546 eV
Total MD Energy:                   -10.6432720113 H         -289.6182 eV
MD Temperature:                      0.0001029533 au          32.5100 K
MD step: 76
Pressure:                           -0.111271E-07 au    -0.327372E+06 Pa
Potential Energy:                  -10.6457507370 H         -289.6856 eV
MD Kinetic Energy:                   0.0024734098 H            0.0673 eV
Total MD Energy:                   -10.6432773272 H         -289.6183 eV
MD Temperature:                      0.0001268415 au          40.0533 K
MD step: 77
Pressure:                           -0.910999E-08 au    -0.268025E+06 Pa
Potential Energy:                  -10.6462392647 H         -289.6989 eV
MD Kinetic Energy:                   0.0029561637 H            0.0804 eV
Total MD Energy:                   -10.6432831010 H         -289.6185 eV
MD Temperature:                      0.0001515981 au          47.8708 K
MD step: 78
Pressure:                           -0.678372E-08 au    -0.199584E+06 Pa
Potential Energy:                  -10.6466545368 H         -289.7102 eV
MD Kinetic Energy:                   0.0033662417 H            0.0916 eV
Total MD Energy:                   -10.6432882951 H         -289.6186 eV
MD Temperature:                      0.0001726278 au          54.5115 K
MD step: 79
Pressure:                           -0.426751E-08 au    -0.125555E+06 Pa
Potential Energy:                  -10.6469155486 H         -289.7173 eV
MD Kinetic Energy:                   0.0036236489 H            0.0986 eV
Total MD Energy:                   -10.6432918997 H         -289.6187 eV
MD Temperature:                      0.0001858281 au          58.6798 K
MD step: 80
Pressure:                           -0.168854E-08 au    -0.496786E+05 Pa
Potential Energy:                  -10.6469664177 H         -289.7187 eV
MD Kinetic Energy:                   0.0036731700 H            0.1000 eV
Total MD Energy:                   -10.6432932477 H         -289.6187 eV
MD Temperature:                      0.0001883677 au          59.4817 K
MD step: 81
Pressure:                            0.832818E-09 au     0.245024E+05 Pa
Potential Energy:                  -10.6467872520 H         -289.7138 eV
MD Kinetic Energy:                   0.0034951996 H            0.0951 eV
Total MD Energy:                   -10.6432920525 H         -289.6187 eV
MD Temperature:                      0.0001792410 au          56.5998 K
MD step: 82
Pressure:                            0.318548E-08 au     0.937200E+05 Pa
Potential Energy:                  -10.6463986947 H         -289.7032 eV
MD Kinetic Energy:                   0.0031102322 H            0.0846 eV
Total MD Energy:                   -10.6432884625 H         -289.6186 eV
MD Temperature:                      0.0001594991 au          50.3658 K
MD step: 83
Pressure:                            0.526335E-08 au     0.154853E+06 Pa
Potential Energy:                  -10.6458594805 H         -289.6886 eV
MD Kinetic Energy:                   0.0025764327 H            0.0701 eV
Total MD Energy:                   -10.6432830477 H         -289.6185 eV
MD Temperature:                      0.0001321248 au          41.7216 K
MD step: 84
Pressure:                            0.697476E-08 au     0.205204E+06 Pa
Potential Energy:                  -10.6452568214 H         -289.6722 eV
MD Kinetic Energy:                   0.0019800274 H            0.0539 eV
Total MD Energy:                   -10.6432767939 H         -289.6183 eV
MD Temperature:                      0.0001015399 au          32.0637 K
MD step: 85
Pressure:                            0.824438E-08 au     0.242558E+06 Pa
Potential Energy:                  -10.6446907090 H         -289.6568 eV
MD Kinetic Energy:                   0.0014198388 H            0.0386 eV
Total MD Energy:                   -10.6432708703 H         -289.6181 eV
MD Temperature:                      0.0000728122 au          22.9923 K
MD step: 86
Pressure:                            0.902122E-08 au     0.265413E+06 Pa
Potential Energy:                  -10.6442552468 H         -289.6449 eV
MD Kinetic Energy:                   0.0009888091 H            0.0269 eV
Total MD Energy:                   -10.6432664377 H         -289.6180 eV
MD Temperature:                      0.0000507082 au          16.0124 K
MD step: 87
Pressure:                            0.927741E-08 au     0.272951E+06 Pa
Potential Energy:                  -10.6440205718 H         -289.6385 eV
MD Kinetic Energy:                   0.0007562347 H            0.0206 eV
Total MD Energy:                   -10.6432643371 H         -289.6180 eV
MD Temperature:                      0.0000387813 au          12.2461 K
MD step: 88
Pressure:                            0.900586E-08 au     0.264962E+06 Pa
Potential Energy:                  -10.6440194908 H         -289.6385 eV
MD Kinetic Energy:                   0.0007545331 H            0.0205 eV
Total MD Energy:                   -10.6432649577 H         -289.6180 eV
MD Temperature:                      0.0000386940 au          12.2186 K
MD step: 89
Pressure:                            0.822108E-08 au     0.241872E+06 Pa
Potential Energy:                  -10.6442413114 H         -289.6445 eV
MD Kinetic Energy:                   0.0009731697 H            0.0265 eV
Total MD Energy:                   -10.6432681417 H         -289.6181 eV
MD Temperature:                      0.0000499061 au          15.7591 K
MD step: 90
Pressure:                            0.695931E-08 au     0.204750E+06 Pa
Potential Energy:                  -10.6446342610 H         -289.6552 eV
MD Kinetic Energy:                   0.0013610290 H            0.0370 eV
Total MD Energy:                   -10.6432732320 H         -289.6182 eV
MD Temperature:                      0.0000697964 au          22.0399 K
MD step: 91
Pressure:                            0.527572E-08 au     0.155217E+06 Pa
Potential Energy:                  -10.6451159648 H         -289.6683 eV
MD Kinetic Energy:                   0.0018367619 H            0.0500 eV
Total MD Energy:                   -10.6432792029 H         -289.6184 eV
MD Temperature:                      0.0000941929 au          29.7437 K
MD step: 92
Pressure:                            0.324452E-08 au     0.954571E+05 Pa
Potential Energy:                  -10.6455897876 H         -289.6812 eV
MD Kinetic Energy:                   0.0023049542 H            0.0627 eV
Total MD Energy:                   -10.6432848334 H         -289.6185 eV
MD Temperature:                      0.0001182028 au          37.3254 K
MD step: 93
Pressure:                            0.960646E-09 au     0.282632E+05 Pa
Potential Energy:                  -10.6459639661 H         -289.6914 eV
MD Kinetic Energy:                   0.0026749489 H            0.0728 eV
Total MD Energy:                   -10.6432890172 H         -289.6186 eV
MD Temperature:                      0.0001371769 au          43.3170 K
MD step: 94
Pressure:                           -0.147193E-08 au    -0.433058E+05 Pa
Potential Energy:                  -10.6461692530 H         -289.6970 eV
MD Kinetic Energy:                   0.0028782711 H            0.0783 eV
Total MD Energy:                   -10.6432909819 H         -289.6187 eV
MD Temperature:                      0.0001476036 au          46.6095 K
MD step: 95
Pressure:                           -0.393727E-08 au    -0.115838E+06 Pa
Potential Energy:                  -10.6461715833 H         -289.6971 eV
MD Kinetic Energy:                   0.0028812197 H            0.0784 eV
Total MD Energy:                   -10.6432903636 H         -289.6187 eV
MD Temperature:                      0.0001477549 au          46.6572 K
MD step: 96
Pressure:                           -0.632051E-08 au    -0.185956E+06 Pa
Potential Energy:                  -10.6459777638 H         -289.6918 eV
MD Kinetic Energy:                   0.0026903938 H            0.0732 eV
Total MD Energy:                   -10.6432873700 H         -289.6186 eV
MD Temperature:                      0.0001379689 au          43.5671 K
MD step: 97
Pressure:                           -0.850770E-08 au    -0.250305E+06 Pa
Potential Energy:                  -10.6456328316 H         -289.6824 eV
MD Kinetic Energy:                   0.0023502447 H            0.0640 eV
Total MD Energy:                   -10.6432825868 H         -289.6185 eV
MD Temperature:                      0.0001205254 au          38.0589 K
MD step: 98
Pressure:                           -0.103856E-07 au    -0.305554E+06 Pa
Potential Energy:                  -10.6452107920 H         -289.6709 eV
MD Kinetic Energy:                   0.0019339062 H            0.0526 eV
Total MD Energy:                   -10.6432768858 H         -289.6183 eV
MD Temperature:                      0.0000991747 au          31.3168 K
MD step: 99
Pressure:                           -0.118521E-07 au    -0.348701E+06 Pa
Potential Energy:                  -10.6448004187 H         -289.6598 eV
MD Kinetic Energy:                   0.0015290559 H            0.0416 eV
Total MD Energy:                   -10.6432713628 H         -289.6181 eV
MD Temperature:                      0.0000784131 au          24.7609 K
MD step: 100
Pressure:                           -0.128297E-07 au    -0.377462E+06 Pa
Potential Energy:                  -10.6444881533 H         -289.6513 eV
MD Kinetic Energy:                   0.0012210938 H            0.0332 eV
Total MD Energy:                   -10.6432670595 H         -289.6180 eV
MD Temperature:                      0.0000626202 au          19.7739 K
MD step: 101
Pressure:                           -0.132683E-07 au    -0.390366E+06 Pa
Potential Energy:                  -10.6443417758 H         -289.6473 eV
MD Kinetic Energy:                   0.0010770124 H            0.0293 eV
Total MD Energy:                   -10.6432647634 H         -289.6180 eV
MD Temperature:                      0.0000552314 au          17.4407 K
MD step: 102
Pressure:                           -0.131456E-07 au    -0.386757E+06 Pa
Potential Energy:                  -10.6443979730 H         -289.6488 eV
MD Kinetic Energy:                   0.0011330871 H            0.0308 eV
Total MD Energy:                   -10.6432648859 H         -289.6180 eV
MD Temperature:                      0.0000581070 au          18.3487 K
MD step: 103
Pressure:                           -0.124676E-07 au    -0.366810E+06 Pa
Potential Energy:                  -10.6446556795 H         -289.6558 eV
MD Kinetic Energy:                   0.0013882519 H            0.0378 eV
Total MD Energy:                   -10.6432674276 H         -289.6180 eV
MD Temperature:                      0.0000711924 au          22.4808 K
MD step: 104
Pressure:                           -0.112684E-07 au    -0.331528E+06 Pa
Potential Energy:                  -10.6450760069 H         -289.6673 eV
MD Kinetic Energy:                   0.0018040236 H            0.0491 eV
Total MD Energy:                   -10.6432719833 H         -289.6182 eV
MD Temperature:                      0.0000925140 au          29.2136 K
MD step: 105
Pressure:                           -0.960954E-08 au    -0.282722E+06 Pa
Potential Energy:                  -10.6455887269 H         -289.6812 eV
MD Kinetic Energy:                   0.0023109579 H            0.0629 eV
Total MD Energy:                   -10.6432777691 H         -289.6183 eV
MD Temperature:                      0.0001185107 au          37.4227 K
MD step: 106
Pressure:                           -0.757471E-08 au    -0.222856E+06 Pa
Potential Energy:                  -10.6461044230 H         -289.6952 eV
MD Kinetic Energy:                   0.0028205847 H            0.0768 eV
Total MD Energy:                   -10.6432838383 H         -289.6185 eV
MD Temperature:                      0.0001446454 au          45.6753 K
MD step: 107
Pressure:                           -0.526262E-08 au    -0.154832E+06 Pa
Potential Energy:                  -10.6465299170 H         -289.7068 eV
MD Kinetic Energy:                   0.0032408303 H            0.0882 eV
Total MD Energy:                   -10.6432890867 H         -289.6186 eV
MD Temperature:                      0.0001661964 au          52.4806 K
MD step: 108
Pressure:                           -0.278846E-08 au    -0.820393E+05 Pa
Potential Energy:                  -10.6467852681 H         -289.7138 eV
MD Kinetic Energy:                   0.0034926548 H            0.0950 eV
Total MD Energy:                   -10.6432926133 H         -289.6187 eV
MD Temperature:                      0.0001791105 au          56.5586 K
MD step: 109
Pressure:                           -0.263985E-09 au    -0.776670E+04 Pa
Potential Energy:                  -10.6468184217 H         -289.7147 eV
MD Kinetic Energy:                   0.0035246499 H            0.0959 eV
Total MD Energy:                   -10.6432937719 H         -289.6188 eV
MD Temperature:                      0.0001807513 au          57.0767 K
MD step: 110
Pressure:                            0.218760E-08 au     0.643613E+05 Pa
Potential Energy:                  -10.6466155546 H         -289.7091 eV
MD Kinetic Energy:                   0.0033233797 H            0.0904 eV
Total MD Energy:                   -10.6432921749 H         -289.6187 eV
MD Temperature:                      0.0001704297 au          53.8174 K
MD step: 111
Pressure:                            0.444693E-08 au     0.130833E+06 Pa
Potential Energy:                  -10.6462056742 H         -289.6980 eV
MD Kinetic Energy:                   0.0029175159 H            0.0794 eV
Total MD Energy:                   -10.6432881583 H         -289.6186 eV
MD Temperature:                      0.0001496162 au          47.2450 K
MD step: 112
Pressure:                            0.640804E-08 au     0.188531E+06 Pa
Potential Energy:                  -10.6456560263 H         -289.6830 eV
MD Kinetic Energy:                   0.0023736219 H            0.0646 eV
Total MD Energy:                   -10.6432824044 H         -289.6184 eV
MD Temperature:                      0.0001217242 au          38.4374 K
MD step: 113
Pressure:                            0.798049E-08 au     0.234794E+06 Pa
Potential Energy:                  -10.6450604645 H         -289.6668 eV
MD Kinetic Energy:                   0.0017844278 H            0.0486 eV
Total MD Energy:                   -10.6432760366 H         -289.6183 eV
MD Temperature:                      0.0000915091 au          28.8963 K
MD step: 114
Pressure:                            0.910111E-08 au     0.267764E+06 Pa
Potential Energy:                  -10.6445218950 H         -289.6522 eV
MD Kinetic Energy:                   0.0012515787 H            0.0341 eV
Total MD Energy:                   -10.6432703163 H         -289.6181 eV
MD Temperature:                      0.0000641835 au          20.2675 K
MD step: 115
Pressure:                            0.973113E-08 au     0.286300E+06 Pa
Potential Energy:                  -10.6441326710 H         -289.6416 eV
MD Kinetic Energy:                   0.0008663360 H            0.0236 eV
Total MD Energy:                   -10.6432663350 H         -289.6180 eV
MD Temperature:                      0.0000444275 au          14.0291 K
MD step: 116
Pressure:                            0.985028E-08 au     0.289805E+06 Pa
Potential Energy:                  -10.6439573004 H         -289.6368 eV
MD Kinetic Energy:                   0.0006924588 H            0.0188 eV
Total MD Energy:                   -10.6432648416 H         -289.6180 eV
MD Temperature:                      0.0000355107 au          11.2134 K
MD step: 117
Pressure:                            0.945611E-08 au     0.278208E+06 Pa
Potential Energy:                  -10.6440204842 H         -289.6385 eV
MD Kinetic Energy:                   0.0007543728 H            0.0205 eV
Total MD Energy:                   -10.6432661115 H         -289.6180 eV
MD Temperature:                      0.0000386858 au          12.2160 K
MD step: 118
Pressure:                            0.856477E-08 au     0.251984E+06 Pa
Potential Energy:                  -10.6443027038 H         -289.6462 eV
MD Kinetic Energy:                   0.0010328186 H            0.0281 eV
Total MD Energy:                   -10.6432698852 H         -289.6181 eV
MD Temperature:                      0.0000529651 au          16.7250 K
MD step: 119
Pressure:                            0.721082E-08 au     0.212149E+06 Pa
Potential Energy:                  -10.6447443420 H         -289.6582 eV
MD Kinetic Energy:                   0.0014689279 H            0.0400 eV
Total MD Energy:                   -10.6432754141 H         -289.6183 eV
MD Temperature:                      0.0000753296 au          23.7872 K
MD step: 120
Pressure:                            0.544638E-08 au     0.160238E+06 Pa
Potential Energy:                  -10.6452575468 H         -289.6722 eV
MD Kinetic Energy:                   0.0019759298 H            0.0538 eV
Total MD Energy:                   -10.6432816170 H         -289.6184 eV
MD Temperature:                      0.0001013297 au          31.9974 K
MD step: 121
Pressure:                            0.334269E-08 au     0.983452E+05 Pa
Potential Energy:                  -10.6457434151 H         -289.6854 eV
MD Kinetic Energy:                   0.0024561406 H            0.0668 eV
Total MD Energy:                   -10.6432872745 H         -289.6186 eV
MD Temperature:                      0.0001259559 au          39.7737 K
MD step: 122
Pressure:                            0.993513E-09 au     0.292302E+05 Pa
Potential Energy:                  -10.6461112561 H         -289.6954 eV
MD Kinetic Energy:                   0.0028200365 H            0.0767 eV
Total MD Energy:                   -10.6432912196 H         -289.6187 eV
MD Temperature:                      0.0001446173 au          45.6665 K
MD step: 123
Pressure:                           -0.148163E-08 au    -0.435909E+05 Pa
Potential Energy:                  -10.6462965813 H         -289.7005 eV
MD Kinetic Energy:                   0.0030039314 H            0.0817 eV
Total MD Energy:                   -10.6432926499 H         -289.6187 eV
MD Temperature:                      0.0001540478 au          48.6444 K
MD step: 124
Pressure:                           -0.396011E-08 au    -0.116510E+06 Pa
Potential Energy:                  -10.6462735325 H         -289.6998 eV
MD Kinetic Energy:                   0.0029820654 H            0.0811 eV
Total MD Energy:                   -10.6432914671 H         -289.6187 eV
MD Temperature:                      0.0001529264 au          48.2903 K
MD step: 125
Pressure:                           -0.632889E-08 au    -0.186202E+06 Pa
Potential Energy:                  -10.6460579476 H         -289.6940 eV
MD Kinetic Energy:                   0.0027700381 H            0.0754 eV
Total MD Energy:                   -10.6432879095 H         -289.6186 eV
MD Temperature:                      0.0001420532 au          44.8568 K
MD step: 126
Pressure:                           -0.847003E-08 au    -0.249197E+06 Pa
Potential Energy:                  -10.6457031680 H         -289.6843 eV
MD Kinetic Energy:                   0.0024204574 H            0.0659 eV
Total MD Energy:                   -10.6432827107 H         -289.6185 eV
MD Temperature:                      0.0001241260 au          39.1958 K
MD step: 127
Pressure:                           -0.102793E-07 au    -0.302426E+06 Pa
Potential Energy:                  -10.6452890004 H         -289.6731 eV
MD Kinetic Energy:                   0.0020121393 H            0.0548 eV
Total MD Energy:                   -10.6432768611 H         -289.6183 eV
MD Temperature:                      0.0001031866 au          32.5837 K
MD step: 128
Pressure:                           -0.116688E-07 au    -0.343308E+06 Pa
Potential Energy:                  -10.6449061076 H         -289.6626 eV
MD Kinetic Energy:                   0.0016346906 H            0.0445 eV
Total MD Energy:                   -10.6432714170 H         -289.6182 eV
MD Temperature:                      0.0000838303 au          26.4715 K
MD step: 129
Pressure:                           -0.125635E-07 au    -0.369632E+06 Pa
Potential Energy:                  -10.6446392157 H         -289.6554 eV
MD Kinetic Energy:                   0.0013718697 H            0.0373 eV
Total MD Energy:                   -10.6432673460 H         -289.6180 eV
MD Temperature:                      0.0000703523 au          22.2155 K
MD step: 130
Pressure:                           -0.129135E-07 au    -0.379929E+06 Pa
Potential Energy:                  -10.6445515898 H         -289.6530 eV
MD Kinetic Energy:                   0.0012861941 H            0.0350 eV
Total MD Energy:                   -10.6432653957 H         -289.6180 eV
MD Temperature:                      0.0000659587 au          20.8281 K
MD step: 131
Pressure:                           -0.126977E-07 au    -0.373579E+06 Pa
Potential Energy:                  -10.6446732207 H         -289.6563 eV
MD Kinetic Energy:                   0.0014072940 H            0.0383 eV
Total MD Energy:                   -10.6432659267 H         -289.6180 eV
MD Temperature:                      0.0000721689 au          22.7891 K
MD step: 132
Pressure:                           -0.119242E-07 au    -0.350821E+06 Pa
Potential Energy:                  -10.6449950658 H         -289.6651 eV
MD Kinetic Energy:                   0.0017261899 H            0.0470 eV
Total MD Energy:                   -10.6432688758 H         -289.6181 eV
MD Temperature:                      0.0000885226 au          27.9532 K
MD step: 133
Pressure:                           -0.106293E-07 au    -0.312726E+06 Pa
Potential Energy:                  -10.6454701161 H         -289.6780 eV
MD Kinetic Energy:                   0.0021963568 H            0.0598 eV
Total MD Energy:                   -10.6432737593 H         -289.6182 eV
MD Temperature:                      0.0001126337 au          35.5669 K
MD step: 134
Pressure:                           -0.887550E-08 au    -0.261126E+06 Pa
Potential Energy:                  -10.6460211022 H         -289.6930 eV
MD Kinetic Energy:                   0.0027413539 H            0.0746 eV
Total MD Energy:                   -10.6432797483 H         -289.6184 eV
MD Temperature:                      0.0001405822 au          44.3923 K
MD step: 135
Pressure:                           -0.674854E-08 au    -0.198549E+06 Pa
Potential Energy:                  -10.6465536755 H         -289.7075 eV
MD Kinetic Energy:                   0.0032678889 H            0.0889 eV
Total MD Energy:                   -10.6432857866 H         -289.6185 eV
MD Temperature:                      0.0001675840 au          52.9188 K
MD step: 136
Pressure:                           -0.435438E-08 au    -0.128110E+06 Pa
Potential Energy:                  -10.6469731147 H         -289.7189 eV
MD Kinetic Energy:                   0.0036823506 H            0.1002 eV
Total MD Energy:                   -10.6432907641 H         -289.6187 eV
MD Temperature:                      0.0001888385 au          59.6304 K
MD step: 137
Pressure:                           -0.181168E-08 au    -0.533013E+05 Pa
Potential Energy:                  -10.6472017686 H         -289.7251 eV
MD Kinetic Energy:                   0.0039080120 H            0.1063 eV
Total MD Energy:                   -10.6432937566 H         -289.6188 eV
MD Temperature:                      0.0002004109 au          63.2847 K
MD step: 138
Pressure:                            0.767521E-09 au     0.225812E+05 Pa
Potential Energy:                  -10.6471935809 H         -289.7249 eV
MD Kinetic Energy:                   0.0038993287 H            0.1061 eV
Total MD Energy:                   -10.6432942522 H         -289.6188 eV
MD Temperature:                      0.0001999656 au          63.1441 K
MD step: 139
Pressure:                            0.326785E-08 au     0.961434E+05 Pa
Potential Energy:                  -10.6469429744 H         -289.7181 eV
MD Kinetic Energy:                   0.0036509887 H            0.0993 eV
Total MD Energy:                   -10.6432919857 H         -289.6187 eV
MD Temperature:                      0.0001872302 au          59.1225 K
MD step: 140
Pressure:                            0.557367E-08 au     0.163983E+06 Pa
Potential Energy:                  -10.6464877058 H         -289.7057 eV
MD Kinetic Energy:                   0.0032003663 H            0.0871 eV
Total MD Energy:                   -10.6432873394 H         -289.6186 eV
MD Temperature:                      0.0001641213 au          51.8254 K
MD step: 141
Pressure:                            0.758568E-08 au     0.223178E+06 Pa
Potential Energy:                  -10.6459028785 H         -289.6898 eV
MD Kinetic Energy:                   0.0026216991 H            0.0713 eV
Total MD Energy:                   -10.6432811794 H         -289.6184 eV
MD Temperature:                      0.0001344461 au          42.4547 K
MD step: 142
Pressure:                            0.922067E-08 au     0.271281E+06 Pa
Potential Energy:                  -10.6452873542 H         -289.6730 eV
MD Kinetic Energy:                   0.0020127177 H            0.0548 eV
Total MD Energy:                   -10.6432746365 H         -289.6182 eV
MD Temperature:                      0.0001032163 au          32.5931 K
MD step: 143
Pressure:                            0.104111E-07 au     0.306304E+06 Pa
Potential Energy:                  -10.6447455039 H         -289.6583 eV
MD Kinetic Energy:                   0.0014765391 H            0.0402 eV
Total MD Energy:                   -10.6432689648 H         -289.6181 eV
MD Temperature:                      0.0000757200 au          23.9104 K
MD step: 144
Pressure:                            0.111114E-07 au     0.326909E+06 Pa
Potential Energy:                  -10.6443673626 H         -289.6480 eV
MD Kinetic Energy:                   0.0011020977 H            0.0300 eV
Total MD Energy:                   -10.6432652649 H         -289.6180 eV
MD Temperature:                      0.0000565178 au          17.8469 K
MD step: 145
Pressure:                            0.112987E-07 au     0.332420E+06 Pa
Potential Energy:                  -10.6442113240 H         -289.6437 eV
MD Kinetic Energy:                   0.0009470904 H            0.0258 eV
Total MD Energy:                   -10.6432642335 H         -289.6180 eV
MD Temperature:                      0.0000485687 au          15.3368 K
MD step: 146
Pressure:                            0.109703E-07 au     0.322759E+06 Pa
Potential Energy:                  -10.6442931852 H         -289.6460 eV
MD Kinetic Energy:                   0.0010271627 H            0.0280 eV
Total MD Energy:                   -10.6432660225 H         -289.6180 eV
MD Temperature:                      0.0000526750 au          16.6334 K
MD step: 147
Pressure:                            0.101435E-07 au     0.298431E+06 Pa
Potential Energy:                  -10.6445837240 H         -289.6539 eV
MD Kinetic Energy:                   0.0013135118 H            0.0357 eV
Total MD Energy:                   -10.6432702122 H         -289.6181 eV
MD Temperature:                      0.0000673596 au          21.2704 K
MD step: 148
Pressure:                            0.885588E-08 au     0.260549E+06 Pa
Potential Energy:                  -10.6450152421 H         -289.6656 eV
MD Kinetic Energy:                   0.0017393308 H            0.0473 eV
Total MD Energy:                   -10.6432759112 H         -289.6183 eV
MD Temperature:                      0.0000891965 au          28.1660 K
MD step: 149
Pressure:                            0.716722E-08 au     0.210867E+06 Pa
Potential Energy:                  -10.6454956827 H         -289.6787 eV
MD Kinetic Energy:                   0.0022137717 H            0.0602 eV
Total MD Energy:                   -10.6432819110 H         -289.6184 eV
MD Temperature:                      0.0001135268 au          35.8489 K
MD step: 150
Pressure:                            0.515575E-08 au     0.151687E+06 Pa
Potential Energy:                  -10.6459275267 H         -289.6904 eV
MD Kinetic Energy:                   0.0026404899 H            0.0719 eV
Total MD Energy:                   -10.6432870368 H         -289.6186 eV
MD Temperature:                      0.0001354097 au          42.7590 K
MD step: 151
Pressure:                            0.290768E-08 au     0.855469E+05 Pa
Potential Energy:                  -10.6462268401 H         -289.6986 eV
MD Kinetic Energy:                   0.0029365373 H            0.0799 eV
Total MD Energy:                   -10.6432903028 H         -289.6187 eV
MD Temperature:                      0.0001505917 au          47.5530 K
MD step: 152
Pressure:                            0.531381E-09 au     0.156338E+05 Pa
Potential Energy:                  -10.6463391949 H         -289.7016 eV
MD Kinetic Energy:                   0.0030481820 H            0.0829 eV
Total MD Energy:                   -10.6432910128 H         -289.6187 eV
MD Temperature:                      0.0001563170 au          49.3610 K
MD step: 153
Pressure:                           -0.185114E-08 au    -0.544625E+05 Pa
Potential Energy:                  -10.6462500424 H         -289.6992 eV
MD Kinetic Energy:                   0.0029609430 H            0.0806 eV
Total MD Energy:                   -10.6432890994 H         -289.6186 eV
MD Temperature:                      0.0001518432 au          47.9482 K
MD step: 154
Pressure:                           -0.412661E-08 au    -0.121409E+06 Pa
Potential Energy:                  -10.6459861480 H         -289.6920 eV
MD Kinetic Energy:                   0.0027010479 H            0.0735 eV
Total MD Energy:                   -10.6432851001 H         -289.6185 eV
MD Temperature:                      0.0001385153 au          43.7396 K
MD step: 155
Pressure:                           -0.618894E-08 au    -0.182085E+06 Pa
Potential Energy:                  -10.6456085337 H         -289.6817 eV
MD Kinetic Energy:                   0.0023288335 H            0.0634 eV
Total MD Energy:                   -10.6432797001 H         -289.6184 eV
MD Temperature:                      0.0001194274 au          37.7121 K
MD step: 156
Pressure:                           -0.792805E-08 au    -0.233251E+06 Pa
Potential Energy:                  -10.6452007459 H         -289.6707 eV
MD Kinetic Energy:                   0.0019268327 H            0.0524 eV
Total MD Energy:                   -10.6432739132 H         -289.6182 eV
MD Temperature:                      0.0000988119 au          31.2023 K
MD step: 157
Pressure:                           -0.924902E-08 au    -0.272115E+06 Pa
Potential Energy:                  -10.6448529057 H         -289.6612 eV
MD Kinetic Energy:                   0.0015840739 H            0.0431 eV
Total MD Energy:                   -10.6432688318 H         -289.6181 eV
MD Temperature:                      0.0000812346 au          25.6518 K
MD step: 158
Pressure:                           -0.100817E-07 au    -0.296613E+06 Pa
Potential Energy:                  -10.6446444211 H         -289.6555 eV
MD Kinetic Energy:                   0.0013790125 H            0.0375 eV
Total MD Energy:                   -10.6432654086 H         -289.6180 eV
MD Temperature:                      0.0000707186 au          22.3311 K
MD step: 159
Pressure:                           -0.103837E-07 au    -0.305498E+06 Pa
Potential Energy:                  -10.6446290664 H         -289.6551 eV
MD Kinetic Energy:                   0.0013648036 H            0.0371 eV
Total MD Energy:                   -10.6432642628 H         -289.6180 eV
MD Temperature:                      0.0000699899 au          22.1010 K
MD step: 160
Pressure:                           -0.101401E-07 au    -0.298332E+06 Pa
Potential Energy:                  -10.6448251075 H         -289.6604 eV
MD Kinetic Energy:                   0.0015594934 H            0.0424 eV
Total MD Energy:                   -10.6432656141 H         -289.6180 eV
MD Temperature:                      0.0000799740 au          25.2538 K
MD step: 161
Pressure:                           -0.936203E-08 au    -0.275440E+06 Pa
Potential Energy:                  -10.6452117308 H         -289.6709 eV
MD Kinetic Energy:                   0.0019424474 H            0.0529 eV
Total MD Energy:                   -10.6432692834 H         -289.6181 eV
MD Temperature:                      0.0000996127 au          31.4552 K
MD step: 162
Pressure:                           -0.808606E-08 au    -0.237900E+06 Pa
Potential Energy:                  -10.6457320156 H         -289.6851 eV
MD Kinetic Energy:                   0.0024573432 H            0.0669 eV
Total MD Energy:                   -10.6432746724 H         -289.6182 eV
MD Temperature:                      0.0001260176 au          39.7932 K
MD step: 163
Pressure:                           -0.637869E-08 au    -0.187667E+06 Pa
Potential Energy:                  -10.6463023069 H         -289.7006 eV
MD Kinetic Energy:                   0.0030214786 H            0.0822 eV
Total MD Energy:                   -10.6432808283 H         -289.6184 eV
MD Temperature:                      0.0001549476 au          48.9285 K
MD step: 164
Pressure:                           -0.433484E-08 au    -0.127535E+06 Pa
Potential Energy:                  -10.6468270199 H         -289.7149 eV
MD Kinetic Energy:                   0.0035403508 H            0.0963 eV
Total MD Energy:                   -10.6432866690 H         -289.6186 eV
MD Temperature:                      0.0001815565 au          57.3309 K
MD step: 165
Pressure:                           -0.205265E-08 au    -0.603909E+05 Pa
Potential Energy:                  -10.6472156912 H         -289.7255 eV
MD Kinetic Energy:                   0.0039243927 H            0.1068 eV
Total MD Energy:                   -10.6432912985 H         -289.6187 eV
MD Temperature:                      0.0002012509 au          63.5499 K
MD step: 166
Pressure:                            0.367591E-09 au     0.108149E+05 Pa
Potential Energy:                  -10.6473983108 H         -289.7304 eV
MD Kinetic Energy:                   0.0041044826 H            0.1117 eV
Total MD Energy:                   -10.6432938282 H         -289.6188 eV
MD Temperature:                      0.0002104863 au          66.4662 K
MD step: 167
Pressure:                            0.280736E-08 au     0.825953E+05 Pa
Potential Energy:                  -10.6473386799 H         -289.7288 eV
MD Kinetic Energy:                   0.0040449830 H            0.1101 eV
Total MD Energy:                   -10.6432936969 H         -289.6188 eV
MD Temperature:                      0.0002074350 au          65.5027 K
MD step: 168
Pressure:                            0.515282E-08 au     0.151601E+06 Pa
Potential Energy:                  -10.6470423786 H         -289.7208 eV
MD Kinetic Energy:                   0.0037514102 H            0.1021 eV
Total MD Energy:                   -10.6432909684 H         -289.6187 eV
MD Temperature:                      0.0001923800 au          60.7487 K
MD step: 169
Pressure:                            0.729341E-08 au     0.214579E+06 Pa
Potential Energy:                  -10.6465564605 H         -289.7075 eV
MD Kinetic Energy:                   0.0032704210 H            0.0890 eV
Total MD Energy:                   -10.6432860395 H         -289.6185 eV
MD Temperature:                      0.0001677139 au          52.9598 K
MD step: 170
Pressure:                            0.912283E-08 au     0.268403E+06 Pa
Potential Energy:                  -10.6459619398 H         -289.6914 eV
MD Kinetic Energy:                   0.0026820720 H            0.0730 eV
Total MD Energy:                   -10.6432798678 H         -289.6184 eV
MD Temperature:                      0.0001375422 au          43.4323 K
MD step: 171
Pressure:                            0.105586E-07 au     0.310645E+06 Pa
Potential Energy:                  -10.6453584639 H         -289.6749 eV
MD Kinetic Energy:                   0.0020847245 H            0.0567 eV
Total MD Energy:                   -10.6432737394 H         -289.6182 eV
MD Temperature:                      0.0001069089 au          33.7591 K
MD step: 172
Pressure:                            0.115469E-07 au     0.339721E+06 Pa
Potential Energy:                  -10.6448447684 H         -289.6610 eV
MD Kinetic Energy:                   0.0015759474 H            0.0429 eV
Total MD Energy:                   -10.6432688211 H         -289.6181 eV
MD Temperature:                      0.0000808178 au          25.5202 K
MD step: 173
Pressure:                            0.120530E-07 au     0.354612E+06 Pa
Potential Energy:                  -10.6445000985 H         -289.6516 eV
MD Kinetic Energy:                   0.0012340637 H            0.0336 eV
Total MD Energy:                   -10.6432660348 H         -289.6180 eV
MD Temperature:                      0.0000632853 au          19.9839 K
MD step: 174
Pressure:                            0.120606E-07 au     0.354836E+06 Pa
Potential Energy:                  -10.6443696714 H         -289.6480 eV
MD Kinetic Energy:                   0.0011038060 H            0.0300 eV
Total MD Energy:                   -10.6432658654 H         -289.6180 eV
MD Temperature:                      0.0000566054 au          17.8746 K
MD step: 175
Pressure:                            0.115708E-07 au     0.340425E+06 Pa
Potential Energy:                  -10.6444568978 H         -289.6504 eV
MD Kinetic Energy:                   0.0011886141 H            0.0323 eV
Total MD Energy:                   -10.6432682837 H         -289.6181 eV
MD Temperature:                      0.0000609546 au          19.2479 K
MD step: 176
Pressure:                            0.106027E-07 au     0.311941E+06 Pa
Potential Energy:                  -10.6447237922 H         -289.6577 eV
MD Kinetic Energy:                   0.0014510401 H            0.0395 eV
Total MD Energy:                   -10.6432727521 H         -289.6182 eV
MD Temperature:                      0.0000744123 au          23.4975 K
MD step: 177
Pressure:                            0.919377E-08 au     0.270490E+06 Pa
Potential Energy:                  -10.6450994350 H         -289.6679 eV
MD Kinetic Energy:                   0.0018210978 H            0.0496 eV
Total MD Energy:                   -10.6432783372 H         -289.6183 eV
MD Temperature:                      0.0000933896 au          29.4901 K
MD step: 178
Pressure:                            0.739931E-08 au     0.217695E+06 Pa
Potential Energy:                  -10.6454946868 H         -289.6786 eV
MD Kinetic Energy:                   0.0022107643 H            0.0602 eV
Total MD Energy:                   -10.6432839225 H         -289.6185 eV
MD Temperature:                      0.0001133725 au          35.8002 K
MD step: 179
Pressure:                            0.529000E-08 au     0.155637E+06 Pa
Potential Energy:                  -10.6458199633 H         -289.6875 eV
MD Kinetic Energy:                   0.0025315467 H            0.0689 eV
Total MD Energy:                   -10.6432884165 H         -289.6186 eV
MD Temperature:                      0.0001298229 au          40.9948 K
MD step: 180
Pressure:                            0.295929E-08 au     0.870652E+05 Pa
Potential Energy:                  -10.6460027192 H         -289.6925 eV
MD Kinetic Energy:                   0.0027118588 H            0.0738 eV
Total MD Energy:                   -10.6432908604 H         -289.6187 eV
MD Temperature:                      0.0001390697 au          43.9147 K
MD step: 181
Pressure:                            0.529444E-09 au     0.155768E+05 Pa
Potential Energy:                  -10.6460021599 H         -289.6925 eV
MD Kinetic Energy:                   0.0027114314 H            0.0738 eV
Total MD Energy:                   -10.6432907285 H         -289.6187 eV
MD Temperature:                      0.0001390478 au          43.9078 K
MD step: 182
Pressure:                           -0.188155E-08 au    -0.553571E+05 Pa
Potential Energy:                  -10.6458169287 H         -289.6874 eV
MD Kinetic Energy:                   0.0025287039 H            0.0688 eV
Total MD Energy:                   -10.6432882248 H         -289.6186 eV
MD Temperature:                      0.0001296771 au          40.9487 K
MD step: 183
Pressure:                           -0.415657E-08 au    -0.122290E+06 Pa
Potential Energy:                  -10.6454835158 H         -289.6783 eV
MD Kinetic Energy:                   0.0021996927 H            0.0599 eV
Total MD Energy:                   -10.6432838231 H         -289.6185 eV
MD Temperature:                      0.0001128048 au          35.6209 K
MD step: 184
Pressure:                           -0.618357E-08 au    -0.181927E+06 Pa
Potential Energy:                  -10.6450685738 H         -289.6671 eV
MD Kinetic Energy:                   0.0017901960 H            0.0487 eV
Total MD Energy:                   -10.6432783778 H         -289.6183 eV
MD Temperature:                      0.0000918049 au          28.9897 K
MD step: 185
Pressure:                           -0.786690E-08 au    -0.231452E+06 Pa
Potential Energy:                  -10.6446555917 H         -289.6558 eV
MD Kinetic Energy:                   0.0013826575 H            0.0376 eV
Total MD Energy:                   -10.6432729342 H         -289.6182 eV
MD Temperature:                      0.0000709055 au          22.3902 K
MD step: 186
Pressure:                           -0.912366E-08 au    -0.268427E+06 Pa
Potential Energy:                  -10.6443289524 H         -289.6469 eV
MD Kinetic Energy:                   0.0010605557 H            0.0289 eV
Total MD Energy:                   -10.6432683967 H         -289.6181 eV
MD Temperature:                      0.0000543875 au          17.1742 K
MD step: 187
Pressure:                           -0.988706E-08 au    -0.290887E+06 Pa
Potential Energy:                  -10.6441588612 H         -289.6423 eV
MD Kinetic Energy:                   0.0008932703 H            0.0243 eV
Total MD Energy:                   -10.6432655909 H         -289.6180 eV
MD Temperature:                      0.0000458087 au          14.4652 K
MD step: 188
Pressure:                           -0.101172E-07 au    -0.297658E+06 Pa
Potential Energy:                  -10.6441884383 H         -289.6431 eV
MD Kinetic Energy:                   0.0009234113 H            0.0251 eV
Total MD Energy:                   -10.6432650270 H         -289.6180 eV
MD Temperature:                      0.0000473544 au          14.9533 K
MD step: 189
Pressure:                           -0.980218E-08 au    -0.288390E+06 Pa
Potential Energy:                  -10.6444256213 H         -289.6496 eV
MD Kinetic Energy:                   0.0011587892 H            0.0315 eV
Total MD Energy:                   -10.6432668320 H         -289.6180 eV
MD Temperature:                      0.0000594251 au          18.7649 K
MD step: 190
Pressure:                           -0.895742E-08 au    -0.263536E+06 Pa
Potential Energy:                  -10.6448412294 H         -289.6609 eV
MD Kinetic Energy:                   0.0015705061 H            0.0427 eV
Total MD Energy:                   -10.6432707233 H         -289.6181 eV
MD Temperature:                      0.0000805388 au          25.4321 K
MD step: 191
Pressure:                           -0.762508E-08 au    -0.224338E+06 Pa
Potential Energy:                  -10.6453734575 H         -289.6754 eV
MD Kinetic Energy:                   0.0020974034 H            0.0571 eV
Total MD Energy:                   -10.6432760541 H         -289.6183 eV
MD Temperature:                      0.0001075591 au          33.9645 K
MD step: 192
Pressure:                           -0.587276E-08 au    -0.172782E+06 Pa
Potential Energy:                  -10.6459381333 H         -289.6907 eV
MD Kinetic Energy:                   0.0026562145 H            0.0723 eV
Total MD Energy:                   -10.6432819188 H         -289.6184 eV
MD Temperature:                      0.0001362161 au          43.0136 K
MD step: 193
Pressure:                           -0.378940E-08 au    -0.111488E+06 Pa
Potential Energy:                  -10.6464431493 H         -289.7045 eV
MD Kinetic Energy:                   0.0031558674 H            0.0859 eV
Total MD Energy:                   -10.6432872819 H         -289.6186 eV
MD Temperature:                      0.0001618394 au          51.1048 K
MD step: 194
Pressure:                           -0.147979E-08 au    -0.435371E+05 Pa
Potential Energy:                  -10.6468047701 H         -289.7143 eV
MD Kinetic Energy:                   0.0035135861 H            0.0956 eV
Total MD Energy:                   -10.6432911840 H         -289.6187 eV
MD Temperature:                      0.0001801839 au          56.8975 K
MD step: 195
Pressure:                            0.948861E-09 au     0.279164E+05 Pa
Potential Energy:                  -10.6469627107 H         -289.7186 eV
MD Kinetic Energy:                   0.0036697451 H            0.0999 eV
Total MD Energy:                   -10.6432929656 H         -289.6187 eV
MD Temperature:                      0.0001881921 au          59.4263 K
MD step: 196
Pressure:                            0.338442E-08 au     0.995729E+05 Pa
Potential Energy:                  -10.6468910859 H         -289.7166 eV
MD Kinetic Energy:                   0.0035988818 H            0.0979 eV
Total MD Energy:                   -10.6432922042 H         -289.6187 eV
MD Temperature:                      0.0001845580 au          58.2787 K
MD step: 197
Pressure:                            0.570987E-08 au     0.167990E+06 Pa
Potential Energy:                  -10.6466041029 H         -289.7088 eV
MD Kinetic Energy:                   0.0033150845 H            0.0902 eV
Total MD Energy:                   -10.6432890185 H         -289.6186 eV
MD Temperature:                      0.0001700043 au          53.6831 K
MD step: 198
Pressure:                            0.781773E-08 au     0.230005E+06 Pa
Potential Energy:                  -10.6461540375 H         -289.6966 eV
MD Kinetic Energy:                   0.0028700202 H            0.0781 eV
Total MD Energy:                   -10.6432840172 H         -289.6185 eV
MD Temperature:                      0.0001471805 au          46.4759 K
MD step: 199
Pressure:                            0.961808E-08 au     0.282974E+06 Pa
Potential Energy:                  -10.6456215611 H         -289.6821 eV
MD Kinetic Energy:                   0.0023433843 H            0.0638 eV
Total MD Energy:                   -10.6432781768 H         -289.6183 eV
MD Temperature:                      0.0001201736 au          37.9478 K
MD step: 200
Pressure:                            0.110337E-07 au     0.324623E+06 Pa
Potential Energy:                  -10.6451004749 H         -289.6679 eV
MD Kinetic Energy:                   0.0018278869 H            0.0497 eV
Total MD Energy:                   -10.6432725880 H         -289.6182 eV
MD Temperature:                      0.0000937378 au          29.6000 K
